[ 2026-02-07 13:31:10,646 ] train_pipeline.py:16 INFO - Training pipeline started
[ 2026-02-07 13:31:10,646 ] data_ingestion.py:12 INFO - Data ingestion started
[ 2026-02-07 13:31:10,673 ] data_ingestion.py:20 INFO - Data ingestion completed
[ 2026-02-07 13:31:10,673 ] data_transformation.py:15 INFO - Feature engineering started
[ 2026-02-07 13:31:10,765 ] data_transformation.py:50 INFO - Feature engineering completed
[ 2026-02-07 13:31:10,766 ] data_transformation.py:15 INFO - Feature engineering started
[ 2026-02-07 13:31:10,792 ] data_transformation.py:50 INFO - Feature engineering completed
[ 2026-02-07 13:31:10,885 ] train_pipeline.py:30 INFO - Processed datasets saved
[ 2026-02-07 13:31:10,886 ] data_transformation.py:59 INFO - Preprocessor creation started
[ 2026-02-07 13:31:10,887 ] data_transformation.py:79 INFO - Preprocessor creation completed
[ 2026-02-07 13:31:10,887 ] model_trainer.py:13 INFO - Model training started
[ 2026-02-07 13:31:18,399 ] model_trainer.py:28 INFO - Model training completed
[ 2026-02-07 13:31:18,399 ] utils.py:11 INFO - Saving object to models/model_pipeline.pkl
[ 2026-02-07 13:31:18,576 ] utils.py:18 INFO - Object saved successfully
[ 2026-02-07 13:31:18,576 ] model_trainer.py:32 INFO - Model saved successfully
[ 2026-02-07 13:31:31,311 ] train_pipeline.py:41 INFO - CV Accuracy: 0.831617600903898
[ 2026-02-07 13:31:31,312 ] train_pipeline.py:44 INFO - Training pipeline completed
[ 2026-02-07 13:31:31,312 ] predict_pipeline.py:14 INFO - Prediction pipeline started
[ 2026-02-07 13:31:31,316 ] data_transformation.py:15 INFO - Feature engineering started
[ 2026-02-07 13:31:31,334 ] data_transformation.py:50 INFO - Feature engineering completed
[ 2026-02-07 13:31:32,345 ] predict_pipeline.py:37 INFO - Prediction pipeline completed
